<?xml version="1.0" encoding="UTF-8"?>
<robot generator="Robot 4.0.1 (Python 3.8.5 on win32)" generated="20210524 03:25:13.026" rpa="false" schemaversion="2">
<suite id="s1" name="Call Hub" source="C:\Users\Chiu\PycharmProjects\API_Automation\Call_Hub.robot">
<test id="s1-t1" name="Validate the pricing of various subscriptions (Monthly/Quarterly/Half-yearly/Yearly) for all the plans on the page.">
<kw name="Open Browser" library="SeleniumLibrary">
<arg>https://callhub.io/pricing/</arg>
<arg>chrome</arg>
<doc>Opens a new browser instance to the optional ``url``.</doc>
<msg timestamp="20210524 03:25:13.452" level="INFO">Opening browser 'chrome' to base url 'https://callhub.io/pricing/'.</msg>
<status status="PASS" starttime="20210524 03:25:13.452" endtime="20210524 03:25:30.209"/>
</kw>
<kw name="Maximize Browser Window" library="SeleniumLibrary">
<doc>Maximizes current browser window.</doc>
<status status="PASS" starttime="20210524 03:25:30.212" endtime="20210524 03:25:30.688"/>
</kw>
<kw name="Verify correct subscription option under monthly is shown">
<kw name="Wait Until Element Is Visible" library="SeleniumLibrary">
<arg>//*[text()='Monthly']/parent::li</arg>
<arg>30</arg>
<doc>Waits until the element ``locator`` is visible.</doc>
<status status="PASS" starttime="20210524 03:25:30.690" endtime="20210524 03:25:31.607"/>
</kw>
<kw name="Wait Until Element Is Enabled" library="SeleniumLibrary">
<arg>//*[text()='Monthly']/parent::li</arg>
<arg>30</arg>
<doc>Waits until the element ``locator`` is enabled.</doc>
<status status="PASS" starttime="20210524 03:25:31.607" endtime="20210524 03:25:31.633"/>
</kw>
<kw name="Click Element" library="SeleniumLibrary">
<arg>//*[text()='Monthly']/parent::li</arg>
<doc>Click the element identified by ``locator``.</doc>
<msg timestamp="20210524 03:25:31.634" level="INFO">Clicking element '//*[text()='Monthly']/parent::li'.</msg>
<status status="PASS" starttime="20210524 03:25:31.634" endtime="20210524 03:25:32.089"/>
</kw>
<kw name="Wait Until Element Is Visible" library="SeleniumLibrary">
<arg>//tbody/tr/td[3]/div[2]/h3[1]</arg>
<arg>120</arg>
<doc>Waits until the element ``locator`` is visible.</doc>
<status status="PASS" starttime="20210524 03:25:32.089" endtime="20210524 03:25:32.325"/>
</kw>
<kw name="Get Text" library="SeleniumLibrary">
<var>${monthly_plan_1}</var>
<arg>//tbody/tr/td[3]/div[2]/h3[1]</arg>
<doc>Returns the text value of the element identified by ``locator``.</doc>
<msg timestamp="20210524 03:25:32.363" level="INFO">${monthly_plan_1} = $199.98/mo </msg>
<status status="PASS" starttime="20210524 03:25:32.326" endtime="20210524 03:25:32.363"/>
</kw>
<kw name="Should Be True" library="BuiltIn">
<arg>'${monthly_plan_1}'=='$199.98/mo '</arg>
<doc>Fails if the given condition is not true.</doc>
<status status="PASS" starttime="20210524 03:25:32.363" endtime="20210524 03:25:32.374"/>
</kw>
<kw name="Wait Until Element Is Visible" library="SeleniumLibrary">
<arg>//tbody/tr/td[4]/div[2]/h3[1]</arg>
<arg>120</arg>
<doc>Waits until the element ``locator`` is visible.</doc>
<status status="PASS" starttime="20210524 03:25:32.374" endtime="20210524 03:25:32.404"/>
</kw>
<kw name="Get Text" library="SeleniumLibrary">
<var>${monthly_plan_2}</var>
<arg>//tbody/tr/td[4]/div[2]/h3[1]</arg>
<doc>Returns the text value of the element identified by ``locator``.</doc>
<msg timestamp="20210524 03:25:32.431" level="INFO">${monthly_plan_2} = $499.95/mo </msg>
<status status="PASS" starttime="20210524 03:25:32.404" endtime="20210524 03:25:32.431"/>
</kw>
<kw name="Should Be True" library="BuiltIn">
<arg>'${monthly_plan_2}'=='$499.95/mo '</arg>
<doc>Fails if the given condition is not true.</doc>
<status status="PASS" starttime="20210524 03:25:32.431" endtime="20210524 03:25:32.432"/>
</kw>
<status status="PASS" starttime="20210524 03:25:30.689" endtime="20210524 03:25:32.433"/>
</kw>
<kw name="Verify correct subscription option under quarterly is shown">
<kw name="Wait Until Element Is Visible" library="SeleniumLibrary">
<arg>//*[text()='Quarterly']/parent::li</arg>
<arg>30</arg>
<doc>Waits until the element ``locator`` is visible.</doc>
<status status="PASS" starttime="20210524 03:25:32.434" endtime="20210524 03:25:32.462"/>
</kw>
<kw name="Wait Until Element Is Enabled" library="SeleniumLibrary">
<arg>//*[text()='Quarterly']/parent::li</arg>
<arg>30</arg>
<doc>Waits until the element ``locator`` is enabled.</doc>
<status status="PASS" starttime="20210524 03:25:32.462" endtime="20210524 03:25:32.492"/>
</kw>
<kw name="Click Element" library="SeleniumLibrary">
<arg>//*[text()='Quarterly']/parent::li</arg>
<doc>Click the element identified by ``locator``.</doc>
<msg timestamp="20210524 03:25:32.493" level="INFO">Clicking element '//*[text()='Quarterly']/parent::li'.</msg>
<status status="PASS" starttime="20210524 03:25:32.493" endtime="20210524 03:25:32.616"/>
</kw>
<kw name="Wait Until Element Is Visible" library="SeleniumLibrary">
<arg>//tbody/tr/td[3]/div[2]/h3[1]</arg>
<arg>120</arg>
<doc>Waits until the element ``locator`` is visible.</doc>
<status status="PASS" starttime="20210524 03:25:32.616" endtime="20210524 03:25:32.647"/>
</kw>
<kw name="Get Text" library="SeleniumLibrary">
<var>${quarterly_plan_1}</var>
<arg>//tbody/tr/td[3]/div[2]/h3[1]</arg>
<doc>Returns the text value of the element identified by ``locator``.</doc>
<msg timestamp="20210524 03:25:32.681" level="INFO">${quarterly_plan_1} = $189.98/mo  $199.98</msg>
<status status="PASS" starttime="20210524 03:25:32.647" endtime="20210524 03:25:32.681"/>
</kw>
<kw name="Get Text" library="SeleniumLibrary">
<var>${unwanted}</var>
<arg>//tbody/tr/td[3]/div[2]/h3[1]//sub/del</arg>
<doc>Returns the text value of the element identified by ``locator``.</doc>
<msg timestamp="20210524 03:25:32.725" level="INFO">${unwanted} = $199.98</msg>
<status status="PASS" starttime="20210524 03:25:32.681" endtime="20210524 03:25:32.725"/>
</kw>
<kw name="Remove String" library="String">
<var>${quarterly_plan_1}</var>
<arg>${quarterly_plan_1}</arg>
<arg>${unwanted}</arg>
<arg>${SPACE}</arg>
<arg>'</arg>
<doc>Removes all ``removables`` from the given ``string``.</doc>
<msg timestamp="20210524 03:25:32.726" level="INFO">${quarterly_plan_1} = $189.98/mo</msg>
<status status="PASS" starttime="20210524 03:25:32.725" endtime="20210524 03:25:32.726"/>
</kw>
<kw name="Convert To String" library="BuiltIn">
<var>${quarterly_plan_1}</var>
<arg>${quarterly_plan_1}</arg>
<doc>Converts the given item to a Unicode string.</doc>
<msg timestamp="20210524 03:25:32.727" level="INFO">${quarterly_plan_1} = $189.98/mo</msg>
<status status="PASS" starttime="20210524 03:25:32.726" endtime="20210524 03:25:32.727"/>
</kw>
<kw name="Should Be True" library="BuiltIn">
<arg>'${quarterly_plan_1}'=='$189.98/mo'</arg>
<doc>Fails if the given condition is not true.</doc>
<status status="PASS" starttime="20210524 03:25:32.727" endtime="20210524 03:25:32.727"/>
</kw>
<kw name="Wait Until Element Is Visible" library="SeleniumLibrary">
<arg>//tbody/tr/td[4]/div[2]/h3[1]</arg>
<arg>120</arg>
<doc>Waits until the element ``locator`` is visible.</doc>
<status status="PASS" starttime="20210524 03:25:32.728" endtime="20210524 03:25:32.759"/>
</kw>
<kw name="Get Text" library="SeleniumLibrary">
<var>${quarterly_plan_2}</var>
<arg>//tbody/tr/td[4]/div[2]/h3[1]</arg>
<doc>Returns the text value of the element identified by ``locator``.</doc>
<msg timestamp="20210524 03:25:32.793" level="INFO">${quarterly_plan_2} = $474.95/mo  $499.95</msg>
<status status="PASS" starttime="20210524 03:25:32.759" endtime="20210524 03:25:32.793"/>
</kw>
<kw name="Get Text" library="SeleniumLibrary">
<var>${unwanted2}</var>
<arg>//tbody/tr/td[4]/div[2]/h3[1]//sub/del</arg>
<doc>Returns the text value of the element identified by ``locator``.</doc>
<msg timestamp="20210524 03:25:32.840" level="INFO">${unwanted2} = $499.95</msg>
<status status="PASS" starttime="20210524 03:25:32.794" endtime="20210524 03:25:32.840"/>
</kw>
<kw name="Remove String" library="String">
<var>${quarterly_plan_2}</var>
<arg>${quarterly_plan_2}</arg>
<arg>${unwanted2}</arg>
<arg>${SPACE}</arg>
<arg>'</arg>
<doc>Removes all ``removables`` from the given ``string``.</doc>
<msg timestamp="20210524 03:25:32.843" level="INFO">${quarterly_plan_2} = $474.95/mo</msg>
<status status="PASS" starttime="20210524 03:25:32.841" endtime="20210524 03:25:32.843"/>
</kw>
<kw name="Convert To String" library="BuiltIn">
<var>${quarterly_plan_2}</var>
<arg>${quarterly_plan_2}</arg>
<doc>Converts the given item to a Unicode string.</doc>
<msg timestamp="20210524 03:25:32.844" level="INFO">${quarterly_plan_2} = $474.95/mo</msg>
<status status="PASS" starttime="20210524 03:25:32.843" endtime="20210524 03:25:32.844"/>
</kw>
<kw name="Should Be True" library="BuiltIn">
<arg>'${quarterly_plan_2}'=='$474.95/mo'</arg>
<doc>Fails if the given condition is not true.</doc>
<status status="PASS" starttime="20210524 03:25:32.844" endtime="20210524 03:25:32.846"/>
</kw>
<status status="PASS" starttime="20210524 03:25:32.433" endtime="20210524 03:25:32.846"/>
</kw>
<kw name="Verify correct subscription option under half-yearly is shown">
<kw name="Wait Until Element Is Visible" library="SeleniumLibrary">
<arg>//*[text()='Half-yearly']/parent::li</arg>
<arg>30</arg>
<doc>Waits until the element ``locator`` is visible.</doc>
<status status="PASS" starttime="20210524 03:25:32.848" endtime="20210524 03:25:32.881"/>
</kw>
<kw name="Wait Until Element Is Enabled" library="SeleniumLibrary">
<arg>//*[text()='Half-yearly']/parent::li</arg>
<arg>30</arg>
<doc>Waits until the element ``locator`` is enabled.</doc>
<status status="PASS" starttime="20210524 03:25:32.882" endtime="20210524 03:25:32.916"/>
</kw>
<kw name="Click Element" library="SeleniumLibrary">
<arg>//*[text()='Half-yearly']/parent::li</arg>
<doc>Click the element identified by ``locator``.</doc>
<msg timestamp="20210524 03:25:32.916" level="INFO">Clicking element '//*[text()='Half-yearly']/parent::li'.</msg>
<status status="PASS" starttime="20210524 03:25:32.916" endtime="20210524 03:25:33.030"/>
</kw>
<kw name="Wait Until Element Is Visible" library="SeleniumLibrary">
<arg>//tbody/tr/td[3]/div[2]/h3[1]</arg>
<arg>120</arg>
<doc>Waits until the element ``locator`` is visible.</doc>
<status status="PASS" starttime="20210524 03:25:33.030" endtime="20210524 03:25:33.061"/>
</kw>
<kw name="Get Text" library="SeleniumLibrary">
<var>${Half-yearly_1}</var>
<arg>//tbody/tr/td[3]/div[2]/h3[1]</arg>
<doc>Returns the text value of the element identified by ``locator``.</doc>
<msg timestamp="20210524 03:25:33.092" level="INFO">${Half-yearly_1} = $185.98/mo  $199.98</msg>
<status status="PASS" starttime="20210524 03:25:33.061" endtime="20210524 03:25:33.092"/>
</kw>
<kw name="Get Text" library="SeleniumLibrary">
<var>${unwanted}</var>
<arg>//tbody/tr/td[3]/div[2]/h3[1]//sub/del</arg>
<doc>Returns the text value of the element identified by ``locator``.</doc>
<msg timestamp="20210524 03:25:33.116" level="INFO">${unwanted} = $199.98</msg>
<status status="PASS" starttime="20210524 03:25:33.092" endtime="20210524 03:25:33.117"/>
</kw>
<kw name="Remove String" library="String">
<var>${Half-yearly_1}</var>
<arg>${Half-yearly_1}</arg>
<arg>${unwanted}</arg>
<arg>${SPACE}</arg>
<arg>'</arg>
<doc>Removes all ``removables`` from the given ``string``.</doc>
<msg timestamp="20210524 03:25:33.118" level="INFO">${Half-yearly_1} = $185.98/mo</msg>
<status status="PASS" starttime="20210524 03:25:33.117" endtime="20210524 03:25:33.118"/>
</kw>
<kw name="Convert To String" library="BuiltIn">
<var>${Half-yearly_1}</var>
<arg>${Half-yearly_1}</arg>
<doc>Converts the given item to a Unicode string.</doc>
<msg timestamp="20210524 03:25:33.119" level="INFO">${Half-yearly_1} = $185.98/mo</msg>
<status status="PASS" starttime="20210524 03:25:33.118" endtime="20210524 03:25:33.119"/>
</kw>
<kw name="Should Be True" library="BuiltIn">
<arg>'${Half-yearly_1}'=='$185.98/mo'</arg>
<doc>Fails if the given condition is not true.</doc>
<status status="PASS" starttime="20210524 03:25:33.120" endtime="20210524 03:25:33.121"/>
</kw>
<kw name="Wait Until Element Is Visible" library="SeleniumLibrary">
<arg>//tbody/tr/td[4]/div[2]/h3[1]</arg>
<arg>120</arg>
<doc>Waits until the element ``locator`` is visible.</doc>
<status status="PASS" starttime="20210524 03:25:33.121" endtime="20210524 03:25:33.149"/>
</kw>
<kw name="Get Text" library="SeleniumLibrary">
<var>${Half-yearly_2}</var>
<arg>//tbody/tr/td[4]/div[2]/h3[1]</arg>
<doc>Returns the text value of the element identified by ``locator``.</doc>
<msg timestamp="20210524 03:25:33.183" level="INFO">${Half-yearly_2} = $464.95/mo  $499.95</msg>
<status status="PASS" starttime="20210524 03:25:33.149" endtime="20210524 03:25:33.183"/>
</kw>
<kw name="Get Text" library="SeleniumLibrary">
<var>${unwanted2}</var>
<arg>//tbody/tr/td[4]/div[2]/h3[1]//sub/del</arg>
<doc>Returns the text value of the element identified by ``locator``.</doc>
<msg timestamp="20210524 03:25:33.210" level="INFO">${unwanted2} = $499.95</msg>
<status status="PASS" starttime="20210524 03:25:33.184" endtime="20210524 03:25:33.211"/>
</kw>
<kw name="Remove String" library="String">
<var>${Half-yearly_2}</var>
<arg>${Half-yearly_2}</arg>
<arg>${unwanted2}</arg>
<arg>${SPACE}</arg>
<arg>'</arg>
<doc>Removes all ``removables`` from the given ``string``.</doc>
<msg timestamp="20210524 03:25:33.211" level="INFO">${Half-yearly_2} = $464.95/mo</msg>
<status status="PASS" starttime="20210524 03:25:33.211" endtime="20210524 03:25:33.211"/>
</kw>
<kw name="Convert To String" library="BuiltIn">
<var>${Half-yearly_2}</var>
<arg>${Half-yearly_2}</arg>
<doc>Converts the given item to a Unicode string.</doc>
<msg timestamp="20210524 03:25:33.212" level="INFO">${Half-yearly_2} = $464.95/mo</msg>
<status status="PASS" starttime="20210524 03:25:33.212" endtime="20210524 03:25:33.212"/>
</kw>
<kw name="Should Be True" library="BuiltIn">
<arg>'${Half-yearly_2}'=='$464.95/mo'</arg>
<doc>Fails if the given condition is not true.</doc>
<status status="PASS" starttime="20210524 03:25:33.212" endtime="20210524 03:25:33.213"/>
</kw>
<status status="PASS" starttime="20210524 03:25:32.847" endtime="20210524 03:25:33.213"/>
</kw>
<kw name="Verify correct subscription option under yearly is shown">
<kw name="Wait Until Element Is Visible" library="SeleniumLibrary">
<arg>//*[text()='Yearly']/parent::li</arg>
<arg>30</arg>
<doc>Waits until the element ``locator`` is visible.</doc>
<status status="PASS" starttime="20210524 03:25:33.214" endtime="20210524 03:25:33.251"/>
</kw>
<kw name="Wait Until Element Is Enabled" library="SeleniumLibrary">
<arg>//*[text()='Yearly']/parent::li</arg>
<arg>30</arg>
<doc>Waits until the element ``locator`` is enabled.</doc>
<status status="PASS" starttime="20210524 03:25:33.251" endtime="20210524 03:25:33.293"/>
</kw>
<kw name="Click Element" library="SeleniumLibrary">
<arg>//*[text()='Yearly']/parent::li</arg>
<doc>Click the element identified by ``locator``.</doc>
<msg timestamp="20210524 03:25:33.294" level="INFO">Clicking element '//*[text()='Yearly']/parent::li'.</msg>
<status status="PASS" starttime="20210524 03:25:33.294" endtime="20210524 03:25:33.403"/>
</kw>
<kw name="Wait Until Element Is Visible" library="SeleniumLibrary">
<arg>//tbody/tr/td[3]/div[2]/h3[1]</arg>
<arg>120</arg>
<doc>Waits until the element ``locator`` is visible.</doc>
<status status="PASS" starttime="20210524 03:25:33.403" endtime="20210524 03:25:33.443"/>
</kw>
<kw name="Get Text" library="SeleniumLibrary">
<var>${Yearly_1}</var>
<arg>//tbody/tr/td[3]/div[2]/h3[1]</arg>
<doc>Returns the text value of the element identified by ``locator``.</doc>
<msg timestamp="20210524 03:25:33.475" level="INFO">${Yearly_1} = $179.98/mo  $199.96</msg>
<status status="PASS" starttime="20210524 03:25:33.443" endtime="20210524 03:25:33.475"/>
</kw>
<kw name="Get Text" library="SeleniumLibrary">
<var>${unwanted}</var>
<arg>//tbody/tr/td[3]/div[2]/h3[1]//sub/del</arg>
<doc>Returns the text value of the element identified by ``locator``.</doc>
<msg timestamp="20210524 03:25:33.499" level="INFO">${unwanted} = $199.96</msg>
<status status="PASS" starttime="20210524 03:25:33.475" endtime="20210524 03:25:33.499"/>
</kw>
<kw name="Remove String" library="String">
<var>${Yearly_1}</var>
<arg>${Yearly_1}</arg>
<arg>${unwanted}</arg>
<arg>${SPACE}</arg>
<arg>'</arg>
<doc>Removes all ``removables`` from the given ``string``.</doc>
<msg timestamp="20210524 03:25:33.500" level="INFO">${Yearly_1} = $179.98/mo</msg>
<status status="PASS" starttime="20210524 03:25:33.499" endtime="20210524 03:25:33.500"/>
</kw>
<kw name="Convert To String" library="BuiltIn">
<var>${Yearly_1}</var>
<arg>${Yearly_1}</arg>
<doc>Converts the given item to a Unicode string.</doc>
<msg timestamp="20210524 03:25:33.500" level="INFO">${Yearly_1} = $179.98/mo</msg>
<status status="PASS" starttime="20210524 03:25:33.500" endtime="20210524 03:25:33.500"/>
</kw>
<kw name="Should Be True" library="BuiltIn">
<arg>'${Yearly_1}'=='$179.98/mo'</arg>
<doc>Fails if the given condition is not true.</doc>
<status status="PASS" starttime="20210524 03:25:33.501" endtime="20210524 03:25:33.501"/>
</kw>
<kw name="Wait Until Element Is Visible" library="SeleniumLibrary">
<arg>//tbody/tr/td[4]/div[2]/h3[1]</arg>
<arg>120</arg>
<doc>Waits until the element ``locator`` is visible.</doc>
<status status="PASS" starttime="20210524 03:25:33.501" endtime="20210524 03:25:33.543"/>
</kw>
<kw name="Get Text" library="SeleniumLibrary">
<var>${Yearly_2}</var>
<arg>//tbody/tr/td[4]/div[2]/h3[1]</arg>
<doc>Returns the text value of the element identified by ``locator``.</doc>
<msg timestamp="20210524 03:25:33.580" level="INFO">${Yearly_2} = $449.96/mo  $499.95</msg>
<status status="PASS" starttime="20210524 03:25:33.544" endtime="20210524 03:25:33.580"/>
</kw>
<kw name="Get Text" library="SeleniumLibrary">
<var>${unwanted2}</var>
<arg>//tbody/tr/td[4]/div[2]/h3[1]//sub/del</arg>
<doc>Returns the text value of the element identified by ``locator``.</doc>
<msg timestamp="20210524 03:25:33.608" level="INFO">${unwanted2} = $499.95</msg>
<status status="PASS" starttime="20210524 03:25:33.581" endtime="20210524 03:25:33.608"/>
</kw>
<kw name="Remove String" library="String">
<var>${Yearly_2}</var>
<arg>${Yearly_2}</arg>
<arg>${unwanted2}</arg>
<arg>${SPACE}</arg>
<arg>'</arg>
<doc>Removes all ``removables`` from the given ``string``.</doc>
<msg timestamp="20210524 03:25:33.609" level="INFO">${Yearly_2} = $449.96/mo</msg>
<status status="PASS" starttime="20210524 03:25:33.608" endtime="20210524 03:25:33.609"/>
</kw>
<kw name="Convert To String" library="BuiltIn">
<var>${Yearly_2}</var>
<arg>${Yearly_2}</arg>
<doc>Converts the given item to a Unicode string.</doc>
<msg timestamp="20210524 03:25:33.609" level="INFO">${Yearly_2} = $449.96/mo</msg>
<status status="PASS" starttime="20210524 03:25:33.609" endtime="20210524 03:25:33.609"/>
</kw>
<kw name="Should Be True" library="BuiltIn">
<arg>'${Yearly_2}'=='$449.96/mo'</arg>
<doc>Fails if the given condition is not true.</doc>
<status status="PASS" starttime="20210524 03:25:33.609" endtime="20210524 03:25:33.610"/>
</kw>
<status status="PASS" starttime="20210524 03:25:33.213" endtime="20210524 03:25:33.610"/>
</kw>
<kw name="Close Browser" library="SeleniumLibrary" type="TEARDOWN">
<doc>Closes the current browser.</doc>
<status status="PASS" starttime="20210524 03:25:33.611" endtime="20210524 03:25:38.002"/>
</kw>
<tag>DEBUG</tag>
<status status="PASS" starttime="20210524 03:25:13.450" endtime="20210524 03:25:38.003"/>
</test>
<doc>Suite description</doc>
<status status="PASS" starttime="20210524 03:25:13.029" endtime="20210524 03:25:38.006"/>
</suite>
<statistics>
<total>
<stat pass="1" fail="0" skip="0">All Tests</stat>
</total>
<tag>
<stat pass="1" fail="0" skip="0">DEBUG</stat>
</tag>
<suite>
<stat pass="1" fail="0" skip="0" id="s1" name="Call Hub">Call Hub</stat>
</suite>
</statistics>
<errors>
</errors>
</robot>
